<?xml version="1.0" encoding="UTF-8"?>
<!-- Generated by org.testng.reporters.JUnitReportReporter -->
<testsuite skipped="0" hostname="LAPTOP-LLU7MFPS" name="automationPTests.Login_MyStoreTest" tests="1" failures="0" timestamp="2020-09-09T21:24:35 EDT" time="8.098" errors="0">
  <testcase name="login" time="8.098" classname="automationPTests.Login_MyStoreTest"/>
  <system-out/>
</testsuite> <!-- automationPTests.Login_MyStoreTest -->
