<?xml version="1.0" encoding="UTF-8"?>
<!-- Generated by org.testng.reporters.JUnitReportReporter -->
<testsuite skipped="0" hostname="LAPTOP-LLU7MFPS" name="base.DriverScript" tests="1" failures="0" timestamp="2020-08-02T10:14:44 EDT" time="14.253" errors="0">
  <testcase name="initApp" time="14.253" classname="base.DriverScript"/>
  <system-out/>
</testsuite> <!-- base.DriverScript -->
